Unable to capture context for thread 16984 in process 16192, can not generate back trace
Exception at PC 0x00007FFC2DD9BB93
Printing stacktrace...

Unable to capture context for thread 16984 in process 16192, can not generate back trace
Exception at PC 0x00007FFCACB1A839
Exception at PC 0x00007FFCACB1A839
Exception at PC 0x00007FFCACB1A839
Exception at PC 0x00007FFCACB1A839
Exception at PC 0x00007FFCACB1A839
Exception at PC 0x00007FFCACB1A839
Exception at PC 0x00007FFCACB1A839
Exception at PC 0x00007FFCACB1A839
Exception at PC 0x00007FFCACB1A839
Exception at PC 0x00007FFCACB1A839
Exception at PC 0x00007FFCACB1A839
Exception at PC 0x00007FFCACB1A839
Exception at PC 0x00007FFCACB1A839
[0]  [0x00007FFC2DD9BB93]
[1]  [0x00007FFC2DD9BB93]
[2]  [0x00007FFC2DD9B4A1]
[3]  [0x00007FFC2DD9B3EF]
[4]  [0x00007FFC2DD819FE]
[5]  [0x00007FFC2DD80ED1]
[6]  [0x00007FFC2DD80D76]
[7]  [0x00007FFC2DD279F6]
[8]  [0x00007FFC2DD17AFB]
[9]  [0x00007FFC2DE3E90A]
[10]  [0x00007FFC2DE59F87]
[11]  [0x00007FFC2DE5A05F]
[12] (BaseThreadInitThunk+0x14) [0x00007FFCAF1A7BD4]
[13] (RtlUserThreadStart+0x21) [0x00007FFCAFACCED1]
Done
Exception at PC 0x00007FFCACB1A839
Exception at PC 0x00007FFCACB1A839
Exception at PC 0x00007FFCACB1A839
Exception at PC 0x00007FFCACB1A839
Exception at PC 0x00007FFCACB1A839
